<?xml version="1.0" encoding="UTF-8"?>
<testsuite name="edu.osu.cs362.CalDay_ESTest" time="0.03" tests="30" errors="0" skipped="0" failures="0">
  <properties>
    <property name="java.runtime.name" value="Java(TM) SE Runtime Environment"/>
    <property name="sun.boot.library.path" value="C:\Program Files\Java\jdk1.8.0_101\jre\bin"/>
    <property name="java.vm.version" value="25.101-b13"/>
    <property name="java.vm.vendor" value="Oracle Corporation"/>
    <property name="maven.multiModuleProjectDirectory" value="C:\Tempa\assignment-3"/>
    <property name="java.vendor.url" value="http://java.oracle.com/"/>
    <property name="path.separator" value=";"/>
    <property name="guice.disable.misplaced.annotation.check" value="true"/>
    <property name="java.vm.name" value="Java HotSpot(TM) 64-Bit Server VM"/>
    <property name="file.encoding.pkg" value="sun.io"/>
    <property name="user.script" value=""/>
    <property name="user.country" value="US"/>
    <property name="sun.java.launcher" value="SUN_STANDARD"/>
    <property name="sun.os.patch.level" value=""/>
    <property name="java.vm.specification.name" value="Java Virtual Machine Specification"/>
    <property name="user.dir" value="C:\Tempa\assignment-3"/>
    <property name="java.runtime.version" value="1.8.0_101-b13"/>
    <property name="java.awt.graphicsenv" value="sun.awt.Win32GraphicsEnvironment"/>
    <property name="java.endorsed.dirs" value="C:\Program Files\Java\jdk1.8.0_101\jre\lib\endorsed"/>
    <property name="os.arch" value="amd64"/>
    <property name="java.io.tmpdir" value="C:\Users\nicks\AppData\Local\Temp\"/>
    <property name="line.separator" value="&#10;"/>
    <property name="java.vm.specification.vendor" value="Oracle Corporation"/>
    <property name="user.variant" value=""/>
    <property name="os.name" value="Windows 8.1"/>
    <property name="classworlds.conf" value="C:\Temp\Maven\apache-maven-3.5.0\bin\..\bin\m2.conf"/>
    <property name="sun.jnu.encoding" value="Cp1252"/>
    <property name="java.library.path" value="C:\Program Files\Java\jdk1.8.0_101\bin;C:\Windows\Sun\Java\bin;C:\Windows\system32;C:\Windows;C:\app\client\nicks\product\12.1.0\client_1\bin;C:\app\nicks\product\11.2.0\client_3;C:\app\nicks\product\11.2.0\client_3\bin;C:\ProgramData\Oracle\Java\javapath;C:\app\nicks\product\11.2.0\client_2\bin;C:\app\nicks\product\11.2.0\client_1\bin;C:\Windows\system32;C:\Windows;C:\Windows\System32\Wbem;C:\Windows\System32\WindowsPowerShell\v1.0\;C:\Program Files\SQL Anywhere 12\bin64;C:\Program Files\SQL Anywhere 12\bin32;c:\Program Files (x86)\Microsoft SQL Server\100\Tools\Binn\VSShell\Common7\IDE\;c:\Program Files (x86)\Microsoft SQL Server\100\Tools\Binn\;c:\Program Files (x86)\Microsoft SQL Server\100\DTS\Binn\;C:\Program Files\Microsoft SQL Server\110\Tools\Binn\;C:\Program Files\Microsoft SQL Server\120\Tools\Binn\;C:\Program Files (x86)\Windows Kits\10\Windows Performance Toolkit\;C:\Program Files (x86)\Sybase\SQL Anywhere 9\win32;C:\Program Files (x86)\Sybase\Shared\win32;C:\Program Files (x86)\Sybase\SQL Anywhere 9\drivers;C:\Program Files (x86)\Sybase\Shared\Sybase Central 4.3\win32;C:\Program Files (x86)\GtkSharp\2.12\bin;C:\Program Files\SQL Anywhere 10\x64;C:\Program Files\SQL Anywhere 10\win32;C:\Program Files\SQL Anywhere 10\Sybase Central 5.0.0\win32;C:\Users\nicks\.dnx\bin;C:\Program Files\Microsoft DNX\Dnvm\;C:\Program Files\Microsoft SQL Server\130\Tools\Binn\;C:\Program Files\SQL Anywhere 17\bin64;C:\Program Files\SQL Anywhere 17\bin32;C:\Temp\Maven\apache-maven-3.5.0\bin;C:\Program Files\PuTTY\;."/>
    <property name="maven.conf" value="C:\Temp\Maven\apache-maven-3.5.0\bin\../conf"/>
    <property name="java.specification.name" value="Java Platform API Specification"/>
    <property name="java.class.version" value="52.0"/>
    <property name="sun.management.compiler" value="HotSpot 64-Bit Tiered Compilers"/>
    <property name="os.version" value="6.3"/>
    <property name="library.jansi.path" value="C:\Temp\Maven\apache-maven-3.5.0\bin\..\lib\jansi-native\windows64"/>
    <property name="user.home" value="C:\Users\nicks"/>
    <property name="user.timezone" value="America/Los_Angeles"/>
    <property name="java.awt.printerjob" value="sun.awt.windows.WPrinterJob"/>
    <property name="java.specification.version" value="1.8"/>
    <property name="file.encoding" value="Cp1252"/>
    <property name="user.name" value="nicks"/>
    <property name="java.class.path" value="C:\Temp\Maven\apache-maven-3.5.0\bin\..\boot\plexus-classworlds-2.5.2.jar"/>
    <property name="java.vm.specification.version" value="1.8"/>
    <property name="sun.arch.data.model" value="64"/>
    <property name="java.home" value="C:\Program Files\Java\jdk1.8.0_101\jre"/>
    <property name="sun.java.command" value="org.codehaus.plexus.classworlds.launcher.Launcher test"/>
    <property name="java.specification.vendor" value="Oracle Corporation"/>
    <property name="user.language" value="en"/>
    <property name="awt.toolkit" value="sun.awt.windows.WToolkit"/>
    <property name="java.vm.info" value="mixed mode"/>
    <property name="java.version" value="1.8.0_101"/>
    <property name="java.ext.dirs" value="C:\Program Files\Java\jdk1.8.0_101\jre\lib\ext;C:\Windows\Sun\Java\lib\ext"/>
    <property name="sun.boot.class.path" value="C:\Program Files\Java\jdk1.8.0_101\jre\lib\resources.jar;C:\Program Files\Java\jdk1.8.0_101\jre\lib\rt.jar;C:\Program Files\Java\jdk1.8.0_101\jre\lib\sunrsasign.jar;C:\Program Files\Java\jdk1.8.0_101\jre\lib\jsse.jar;C:\Program Files\Java\jdk1.8.0_101\jre\lib\jce.jar;C:\Program Files\Java\jdk1.8.0_101\jre\lib\charsets.jar;C:\Program Files\Java\jdk1.8.0_101\jre\lib\jfr.jar;C:\Program Files\Java\jdk1.8.0_101\jre\classes"/>
    <property name="sun.stderr.encoding" value="cp437"/>
    <property name="java.vendor" value="Oracle Corporation"/>
    <property name="maven.home" value="C:\Temp\Maven\apache-maven-3.5.0\bin\.."/>
    <property name="file.separator" value="\"/>
    <property name="java.vendor.url.bug" value="http://bugreport.sun.com/bugreport/"/>
    <property name="sun.cpu.endian" value="little"/>
    <property name="sun.io.unicode.encoding" value="UnicodeLittle"/>
    <property name="sun.stdout.encoding" value="cp437"/>
    <property name="sun.desktop" value="windows"/>
    <property name="sun.cpu.isalist" value="amd64"/>
  </properties>
  <testcase name="test19" classname="edu.osu.cs362.CalDay_ESTest" time="0"/>
  <testcase name="test18" classname="edu.osu.cs362.CalDay_ESTest" time="0"/>
  <testcase name="test17" classname="edu.osu.cs362.CalDay_ESTest" time="0"/>
  <testcase name="test16" classname="edu.osu.cs362.CalDay_ESTest" time="0"/>
  <testcase name="test15" classname="edu.osu.cs362.CalDay_ESTest" time="0.001"/>
  <testcase name="test14" classname="edu.osu.cs362.CalDay_ESTest" time="0"/>
  <testcase name="test13" classname="edu.osu.cs362.CalDay_ESTest" time="0.001"/>
  <testcase name="test12" classname="edu.osu.cs362.CalDay_ESTest" time="0.001"/>
  <testcase name="test11" classname="edu.osu.cs362.CalDay_ESTest" time="0.001"/>
  <testcase name="test10" classname="edu.osu.cs362.CalDay_ESTest" time="0.004"/>
  <testcase name="test09" classname="edu.osu.cs362.CalDay_ESTest" time="0.001"/>
  <testcase name="test08" classname="edu.osu.cs362.CalDay_ESTest" time="0.001"/>
  <testcase name="test07" classname="edu.osu.cs362.CalDay_ESTest" time="0.001"/>
  <testcase name="test29" classname="edu.osu.cs362.CalDay_ESTest" time="0.001"/>
  <testcase name="test06" classname="edu.osu.cs362.CalDay_ESTest" time="0.002"/>
  <testcase name="test28" classname="edu.osu.cs362.CalDay_ESTest" time="0.002"/>
  <testcase name="test05" classname="edu.osu.cs362.CalDay_ESTest" time="0.001"/>
  <testcase name="test27" classname="edu.osu.cs362.CalDay_ESTest" time="0.001"/>
  <testcase name="test04" classname="edu.osu.cs362.CalDay_ESTest" time="0.001"/>
  <testcase name="test26" classname="edu.osu.cs362.CalDay_ESTest" time="0.001"/>
  <testcase name="test03" classname="edu.osu.cs362.CalDay_ESTest" time="0.001"/>
  <testcase name="test25" classname="edu.osu.cs362.CalDay_ESTest" time="0.001"/>
  <testcase name="test02" classname="edu.osu.cs362.CalDay_ESTest" time="0.001"/>
  <testcase name="test24" classname="edu.osu.cs362.CalDay_ESTest" time="0.001"/>
  <testcase name="test01" classname="edu.osu.cs362.CalDay_ESTest" time="0.001"/>
  <testcase name="test23" classname="edu.osu.cs362.CalDay_ESTest" time="0.001"/>
  <testcase name="test00" classname="edu.osu.cs362.CalDay_ESTest" time="0.001"/>
  <testcase name="test22" classname="edu.osu.cs362.CalDay_ESTest" time="0.001"/>
  <testcase name="test21" classname="edu.osu.cs362.CalDay_ESTest" time="0.001"/>
  <testcase name="test20" classname="edu.osu.cs362.CalDay_ESTest" time="0.001"/>
</testsuite>